<?xml version="1.0" encoding="UTF-8" ?>
<testsuite tests="1" failures="0" name="de.lars.menu.view.backend.demo.DemoServiceTest" time="11.971" errors="1" skipped="0">
  <properties>
[...]
</properties>
  <testcase classname="de.lars.menu.view.backend.demo.DemoServiceTest" name="startWebDriver" time="11.852">
    <error message="Unable to locate element: #be_menu_group_btn_title_Demo
For documentation on this error, please visit: http://seleniumhq.org/exceptions/no_such_element.html
Build info: version: &apos;3.12.0&apos;, revision: &apos;7c6e0b3&apos;, time: &apos;2018-05-08T14:04:26.12Z&apos;
System info: host: &apos;SYRINX-PC&apos;, ip: &apos;192.168.0.2&apos;, os.name: &apos;Windows 7&apos;, os.arch: &apos;amd64&apos;, os.version: &apos;6.1&apos;, java.version: &apos;1.8.0_51&apos;
Driver info: org.openqa.selenium.firefox.FirefoxDriver
Capabilities {acceptInsecureCerts: true, browserName: firefox, browserVersion: 60.0, javascriptEnabled: true, moz:accessibilityChecks: false, moz:headless: false, moz:processID: 7004, moz:profile: C:\Users\syrinx\AppData\Loc..., moz:useNonSpecCompliantPointerOrigin: false, moz:webdriverClick: true, pageLoadStrategy: normal, platform: XP, platformName: XP, platformVersion: 6.1, rotatable: false, timeouts: {implicit: 0, pageLoad: 300000, script: 30000}}
Session ID: aad89827-da3e-4992-a214-6e3a64883b77
*** Element info: {Using=id, value=be_menu_group_btn_title_Demo}" type="org.openqa.selenium.NoSuchElementException">org.openqa.selenium.NoSuchElementException: Unable to locate element: #be_menu_group_btn_title_Demo
For documentation on this error, please visit: http://seleniumhq.org/exceptions/no_such_element.html
Build info: version: &apos;3.12.0&apos;, revision: &apos;7c6e0b3&apos;, time: &apos;2018-05-08T14:04:26.12Z&apos;
System info: host: &apos;SYRINX-PC&apos;, ip: &apos;192.168.0.2&apos;, os.name: &apos;Windows 7&apos;, os.arch: &apos;amd64&apos;, os.version: &apos;6.1&apos;, java.version: &apos;1.8.0_51&apos;
Driver info: org.openqa.selenium.firefox.FirefoxDriver
Capabilities {acceptInsecureCerts: true, browserName: firefox, browserVersion: 60.0, javascriptEnabled: true, moz:accessibilityChecks: false, moz:headless: false, moz:processID: 7004, moz:profile: C:\Users\syrinx\AppData\Loc..., moz:useNonSpecCompliantPointerOrigin: false, moz:webdriverClick: true, pageLoadStrategy: normal, platform: XP, platformName: XP, platformVersion: 6.1, rotatable: false, timeouts: {implicit: 0, pageLoad: 300000, script: 30000}}
Session ID: aad89827-da3e-4992-a214-6e3a64883b77
*** Element info: {Using=id, value=be_menu_group_btn_title_Demo}
	at sun.reflect.NativeConstructorAccessorImpl.newInstance0(Native Method)
	at sun.reflect.NativeConstructorAccessorImpl.newInstance(NativeConstructorAccessorImpl.java:62)
	at sun.reflect.DelegatingConstructorAccessorImpl.newInstance(DelegatingConstructorAccessorImpl.java:45)
	at java.lang.reflect.Constructor.newInstance(Constructor.java:422)
	at org.openqa.selenium.remote.http.W3CHttpResponseCodec.createException(W3CHttpResponseCodec.java:187)
	at org.openqa.selenium.remote.http.W3CHttpResponseCodec.decode(W3CHttpResponseCodec.java:122)
	at org.openqa.selenium.remote.http.W3CHttpResponseCodec.decode(W3CHttpResponseCodec.java:49)
	at org.openqa.selenium.remote.HttpCommandExecutor.execute(HttpCommandExecutor.java:158)
	at org.openqa.selenium.remote.service.DriverCommandExecutor.execute(DriverCommandExecutor.java:83)
	at org.openqa.selenium.remote.RemoteWebDriver.execute(RemoteWebDriver.java:543)
	at org.openqa.selenium.remote.RemoteWebDriver.findElement(RemoteWebDriver.java:317)
	at org.openqa.selenium.remote.RemoteWebDriver.findElementById(RemoteWebDriver.java:363)
	at org.openqa.selenium.By$ById.findElement(By.java:188)
	at org.openqa.selenium.remote.RemoteWebDriver.findElement(RemoteWebDriver.java:309)
	at de.lars.menu.view.backend.demo.DemoServiceTest.startWebDriver(DemoServiceTest.java:33)
	at sun.reflect.NativeMethodAccessorImpl.invoke0(Native Method)
	at sun.reflect.NativeMethodAccessorImpl.invoke(NativeMethodAccessorImpl.java:62)
	at sun.reflect.DelegatingMethodAccessorImpl.invoke(DelegatingMethodAccessorImpl.java:43)
	at java.lang.reflect.Method.invoke(Method.java:497)
	at org.junit.runners.model.FrameworkMethod$1.runReflectiveCall(FrameworkMethod.java:50)
	at org.junit.internal.runners.model.ReflectiveCallable.run(ReflectiveCallable.java:12)
	at org.junit.runners.model.FrameworkMethod.invokeExplosively(FrameworkMethod.java:47)
	at org.junit.internal.runners.statements.InvokeMethod.evaluate(InvokeMethod.java:17)
	at org.junit.runners.ParentRunner.runLeaf(ParentRunner.java:325)
	at org.junit.runners.BlockJUnit4ClassRunner.runChild(BlockJUnit4ClassRunner.java:78)
	at org.junit.runners.BlockJUnit4ClassRunner.runChild(BlockJUnit4ClassRunner.java:57)
	at org.junit.runners.ParentRunner$3.run(ParentRunner.java:290)
	at org.junit.runners.ParentRunner$1.schedule(ParentRunner.java:71)
	at org.junit.runners.ParentRunner.runChildren(ParentRunner.java:288)
	at org.junit.runners.ParentRunner.access$000(ParentRunner.java:58)
	at org.junit.runners.ParentRunner$2.evaluate(ParentRunner.java:268)
	at org.junit.runners.ParentRunner.run(ParentRunner.java:363)
	at org.apache.maven.surefire.junit4.JUnit4TestSet.execute(JUnit4TestSet.java:45)
	at org.apache.maven.surefire.junit4.JUnit4Provider.executeTestSet(JUnit4Provider.java:123)
	at org.apache.maven.surefire.junit4.JUnit4Provider.invoke(JUnit4Provider.java:104)
	at sun.reflect.NativeMethodAccessorImpl.invoke0(Native Method)
	at sun.reflect.NativeMethodAccessorImpl.invoke(NativeMethodAccessorImpl.java:62)
	at sun.reflect.DelegatingMethodAccessorImpl.invoke(DelegatingMethodAccessorImpl.java:43)
	at java.lang.reflect.Method.invoke(Method.java:497)
	at org.apache.maven.surefire.util.ReflectionUtils.invokeMethodWithArray(ReflectionUtils.java:164)
	at org.apache.maven.surefire.booter.ProviderFactory$ProviderProxy.invoke(ProviderFactory.java:110)
	at org.apache.maven.surefire.booter.SurefireStarter.invokeProvider(SurefireStarter.java:175)
	at org.apache.maven.surefire.booter.SurefireStarter.runSuitesInProcessWhenForked(SurefireStarter.java:107)
	at org.apache.maven.surefire.booter.ForkedBooter.main(ForkedBooter.java:68)
</error>
    <system-err>1526496721126	geckodriver	INFO	geckodriver 0.20.1
1526496721151	geckodriver	INFO	Listening on 127.0.0.1:37660
1526496727056	mozrunner::runner	INFO	Running command: &quot;C:\\Program Files (x86)\\Mozilla Firefox\\firefox.exe&quot; &quot;-marionette&quot; &quot;-profile&quot; &quot;C:\\Users\\syrinx\\AppData\\Local\\Temp\\rust_mozprofile.IeIqfblJ7AGf&quot;
1526496730733	Marionette	INFO	Listening on port 64533
1526496731242	Marionette	WARN	TLS certificate errors will be ignored for this session
Mai 16, 2018 8:52:11 PM org.openqa.selenium.remote.ProtocolHandshake createSession
INFORMATION: Detected dialect: W3C
</system-err>
  </testcase>
</testsuite>